<?xml version="1.0" encoding="UTF-8"?>
<!-- Generated by org.testng.reporters.JUnitXMLReporter -->
<testsuite hostname="SANTOSH" ignored="0" name="Default test" tests="2" failures="0" timestamp="18 Mar 2023 12:51:14 GMT" time="174.241" errors="0">
  <testcase name="NursingDemoRegistration" time="81.184" classname="nursing_Page_Tests.NursingDemo_Page_Test"/>
  <testcase name="NursingDemoDataProvider" time="77.273" classname="nursing_Page_Tests.NursingDemo_Page_Test"/>
</testsuite> <!-- Default test -->
