<?xml version="1.0" encoding="UTF-8"?>
<!-- Generated by org.testng.reporters.JUnitXMLReporter -->
<testsuite hostname="SANTOSH" ignored="0" name="Test" tests="1" failures="0" timestamp="11 Mar 2023 17:42:03 GMT" time="0.031" errors="0">
  <testcase name="@BeforeTest NursingDemoRegistration" time="0.0" classname="nursing_Page_Tests.NursingDemo_Page_Test">
    <failure type="org.testng.TestNGException" message="
Can inject only one of &amp;lt;ITestContext, XmlTest&amp;gt; into a @BeforeTest annotated NursingDemoRegistration.
For more information on native dependency injection please refer to http://testng.org/doc/documentation-main.html#native-dependency-injection">
      <![CDATA[org.testng.TestNGException: 
Can inject only one of <ITestContext, XmlTest> into a @BeforeTest annotated NursingDemoRegistration.
For more information on native dependency injection please refer to http://testng.org/doc/documentation-main.html#native-dependency-injection
... Removed 21 stack frames]]>
    </failure>
  </testcase> <!-- @BeforeTest NursingDemoRegistration -->
  <testcase name="@BeforeMethod beforeEachTest" time="0.0" classname="common_Component.BaseClass">
    <skipped/>
  </testcase> <!-- @BeforeMethod beforeEachTest -->
  <testcase name="@AfterMethod afterEachTest" time="0.0" classname="common_Component.BaseClass">
    <skipped/>
  </testcase> <!-- @AfterMethod afterEachTest -->
  <testcase name="newPatientAdmission" time="0.0" classname="nursing_Page_Tests.NursingDemo_Page_Test">
    <skipped/>
  </testcase> <!-- newPatientAdmission -->
</testsuite> <!-- Test -->
