<?xml version="1.0" encoding="UTF-8"?>
<!-- Generated by org.testng.reporters.JUnitXMLReporter -->
<testsuite hostname="SANTOSH" ignored="0" name="Test" tests="2" failures="2" timestamp="09 Apr 2023 09:54:06 GMT" time="6.998" errors="0">
  <testcase name="NursingDemoRegistration" time="0.78" classname="nursing_Page_Tests.NursingDemo_Page_Test">
    <failure type="java.lang.StringIndexOutOfBoundsException" message="String index out of range: 300">
      <![CDATA[java.lang.StringIndexOutOfBoundsException: String index out of range: 300
at java.lang.String.substring(Unknown Source)
at nursing_Page_Tests.NursingDemo_Page_Test.NursingDemoRegistration(NursingDemo_Page_Test.java:60)
... Removed 25 stack frames]]>
    </failure>
  </testcase> <!-- NursingDemoRegistration -->
  <testcase name="NursingDemoDataProvider" time="0.003" classname="nursing_Page_Tests.NursingDemo_Page_Test">
    <failure type="org.testng.internal.reflect.MethodMatcherException" message="
Data provider mismatch
Method: NursingDemoDataProvider([Parameter{index=0, type=java.lang.reflect.Method, declaredAnnotations=[]}, Parameter{index=1, type=java.lang.String, declaredAnnotations=[]}, Parameter{index=2, type=java.lang.String, declaredAnnotations=[]}, Parameter{index=3, type=java.lang.String, declaredAnnotations=[]}, Parameter{index=4, type=java.lang.String, declaredAnnotations=[]}, Parameter{index=5, type=java.lang.String, declaredAnnotations=[]}, Parameter{index=6, type=java.lang.String, declaredAnnotations=[]}, Parameter{index=7, type=java.lang.String, declaredAnnotations=[]}, Parameter{index=8, type=java.lang.String, declaredAnnotations=[]}, Parameter{index=9, type=java.lang.String, declaredAnnotations=[]}, Parameter{index=10, type=java.lang.String, declaredAnnotations=[]}, Parameter{index=11, type=java.lang.String, declaredAnnotations=[]}, Parameter{index=12, type=java.lang.String, declaredAnnotations=[]}, Parameter{index=13, type=java.lang.String, declaredAnnotations=[]}, Parameter{index=14, type=java.lang.String, declaredAnnotations=[]}, Parameter{index=15, type=java.lang.String, declaredAnnotations=[]}, Parameter{index=16, type=java.lang.String, declaredAnnotations=[]}, Parameter{index=17, type=java.lang.String, declaredAnnotations=[]}, Parameter{index=18, type=java.lang.String, declaredAnnotations=[]}, Parameter{index=19, type=java.lang.String, declaredAnnotations=[]}, Parameter{index=20, type=java.lang.String, declaredAnnotations=[]}, Parameter{index=21, type=java.lang.String, declaredAnnotations=[]}, Parameter{index=22, type=java.lang.String, declaredAnnotations=[]}, Parameter{index=23, type=java.lang.String, declaredAnnotations=[]}, Parameter{index=24, type=java.lang.String, declaredAnnotations=[]}, Parameter{index=25, type=java.lang.String, declaredAnnotations=[]}, Parameter{index=26, type=java.lang.String, declaredAnnotations=[]}, Parameter{index=27, type=java.lang.String, declaredAnnotations=[]}, Parameter{index=28, type=java.lang.String, declaredAnnotations=[]}, Parameter{index=29, type=java.lang.String, declaredAnnotations=[]}, Parameter{index=30, type=java.lang.String, declaredAnnotations=[]}, Parameter{index=31, type=java.lang.String, declaredAnnotations=[]}, Parameter{index=32, type=java.lang.String, declaredAnnotations=[]}, Parameter{index=33, type=java.lang.String, declaredAnnotations=[]}, Parameter{index=34, type=java.lang.String, declaredAnnotations=[]}])
Arguments: [(java.lang.String) MAA LALITA HOSPITAL &amp;amp; RESEARCH CENTRE - Dashboard,(java.lang.String) 867354,(java.lang.String) Virat Kohli,(java.lang.String) Male,(java.lang.String) 30,(java.lang.String) 10/10/1999,(java.lang.String) Male,(java.lang.String) Hindu,(java.lang.String) Indian,(java.lang.String) Vilas,(java.lang.String) Friend,(java.lang.String) Single,(java.lang.String) 5467890876,(java.lang.String) 8763456778,(java.lang.String) Kurla Mumbai,(java.lang.String) Thane,(java.lang.String) 400454,(java.lang.String) Kurla Police Station,(java.lang.String) Kurla post office,(java.lang.String) 80,(java.lang.String) 5.9&amp;apos;,(java.lang.String) 125,(java.lang.String) 80,(java.lang.String) 45,(java.lang.String) H1_N1,(java.lang.String) FUTURE GENERALI INDIA INSURANCE CO LTD,(java.lang.String) General,(java.lang.String) IN-12345,(java.lang.String) SP32435,(java.lang.String) 10/10/2022,(java.lang.String) Dr Tambe,(java.lang.String) DR S K SINGH,(java.lang.String) Normal,(java.lang.String) 5678902,(java.lang.String) GW 04 - GENERAL WARD]">
      <![CDATA[org.testng.internal.reflect.MethodMatcherException: 
Data provider mismatch
Arguments: [(java.lang.String) MAA LALITA HOSPITAL & RESEARCH CENTRE - Dashboard,(java.lang.String) 867354,(java.lang.String) Virat Kohli,(java.lang.String) Male,(java.lang.String) 30,(java.lang.String) 10/10/1999,(java.lang.String) Male,(java.lang.String) Hindu,(java.lang.String) Indian,(java.lang.String) Vilas,(java.lang.String) Friend,(java.lang.String) Single,(java.lang.String) 5467890876,(java.lang.String) 8763456778,(java.lang.String) Kurla Mumbai,(java.lang.String) Thane,(java.lang.String) 400454,(java.lang.String) Kurla Police Station,(java.lang.String) Kurla post office,(java.lang.String) 80,(java.lang.String) 5.9',(java.lang.String) 125,(java.lang.String) 80,(java.lang.String) 45,(java.lang.String) H1_N1,(java.lang.String) FUTURE GENERALI INDIA INSURANCE CO LTD,(java.lang.String) General,(java.lang.String) IN-12345,(java.lang.String) SP32435,(java.lang.String) 10/10/2022,(java.lang.String) Dr Tambe,(java.lang.String) DR S K SINGH,(java.lang.String) Normal,(java.lang.String) 5678902,(java.lang.String) GW 04 - GENERAL WARD]
... Removed 21 stack frames]]>
    </failure>
  </testcase> <!-- NursingDemoDataProvider -->
</testsuite> <!-- Test -->
